<?xml version="1.0" encoding="UTF-8"?>
<!-- Generated by org.testng.reporters.JUnitReportReporter -->
<testsuite skipped="0" hostname="LAPTOP-7FQE96S1" name="MavenProjectID.MavenProject.SeleniumTest" tests="3" failures="0" timestamp="2020-08-05T14:00:06 IST" time="0.006" errors="0">
  <testcase name="SeleniumTest3" time="0.000" classname="MavenProjectID.MavenProject.SeleniumTest"/>
  <system-out/>
  <testcase name="SeleniumTest1" time="0.005" classname="MavenProjectID.MavenProject.SeleniumTest"/>
  <system-out/>
  <testcase name="SeleniumTest2" time="0.001" classname="MavenProjectID.MavenProject.SeleniumTest"/>
  <system-out/>
</testsuite> <!-- MavenProjectID.MavenProject.SeleniumTest -->
