<?xml version="1.0" encoding="UTF-8"?>
<!-- Generated by org.testng.reporters.JUnitReportReporter -->
<testsuite skipped="0" hostname="LAPTOP-7FQE96S1" name="MavenProjectID.MavenProject.AppiumTest" tests="3" failures="0" timestamp="2020-08-05T12:45:13 IST" time="0.001" errors="0">
  <testcase name="AppiumTest3" time="0.001" classname="MavenProjectID.MavenProject.AppiumTest"/>
  <system-out/>
  <testcase name="AppiumTest2" time="0.000" classname="MavenProjectID.MavenProject.AppiumTest"/>
  <system-out/>
  <testcase name="AppiumTest1" time="0.000" classname="MavenProjectID.MavenProject.AppiumTest"/>
  <system-out/>
</testsuite> <!-- MavenProjectID.MavenProject.AppiumTest -->
