<?xml version="1.0" encoding="UTF-8"?>
<!-- Generated by org.testng.reporters.JUnitReportReporter -->
<testsuite skipped="0" hostname="LAPTOP-7FQE96S1" name="MavenProjectID.MavenProject.RESTAPITest" tests="3" failures="0" timestamp="2020-08-05T14:00:06 IST" time="0.000" errors="0">
  <testcase name="RESTAPITest1" time="0.000" classname="MavenProjectID.MavenProject.RESTAPITest"/>
  <system-out/>
  <testcase name="RESTAPITest2" time="0.000" classname="MavenProjectID.MavenProject.RESTAPITest"/>
  <system-out/>
  <testcase name="RESTAPITest3" time="0.000" classname="MavenProjectID.MavenProject.RESTAPITest"/>
  <system-out/>
</testsuite> <!-- MavenProjectID.MavenProject.RESTAPITest -->
